# JRE version: OpenJDK Runtime Environment Temurin-21.0.8+9 (21.0.8+9) (build 21.0.8+9-LTS)
# Java VM: OpenJDK 64-Bit Server VM Temurin-21.0.8+9 (21.0.8+9-LTS, mixed mode, sharing, tiered, compressed oops, compressed class ptrs, parallel gc, windows-amd64)
GC Precious Log:
 CardTable entry size: 512
 CPUs: 12 total, 12 available
 Memory: 16308M
 Large Page Support: Disabled
 NUMA Support: Disabled
 Compressed Oops: Enabled (32-bit)
 Alignments: Space 512K, Generation 512K, Heap 2M
 Heap Min Capacity: 100M
 Heap Initial Capacity: 100M
 Heap Max Capacity: 2G
 Pre-touch: Disabled
 Parallel Workers: 10
Heap:
 PSYoungGen      total 17920K, used 1903K [0x00000000d5580000, 0x00000000d6b80000, 0x0000000100000000)
  eden space 17408K, 8% used [0x00000000d5580000,0x00000000d56e3ef0,0x00000000d6680000)
  from space 512K, 93% used [0x00000000d6a00000,0x00000000d6a78010,0x00000000d6a80000)
  to   space 1024K, 0% used [0x00000000d6a80000,0x00000000d6a80000,0x00000000d6b80000)
 ParOldGen       total 68608K, used 50102K [0x0000000080000000, 0x0000000084300000, 0x00000000d5580000)
  object space 68608K, 73% used [0x0000000080000000,0x00000000830ed8c0,0x0000000084300000)
 Metaspace       used 67543K, committed 69056K, reserved 1114112K
  class space    used 8538K, committed 9216K, reserved 1048576K
GC Heap History (20 events):
Event: 14.125 GC heap before
{Heap before GC invocations=55 (full 3):
 PSYoungGen      total 17920K, used 17632K [0x00000000d5580000, 0x00000000d6800000, 0x0000000100000000)
  eden space 17408K, 100% used [0x00000000d5580000,0x00000000d6680000,0x00000000d6680000)
  from space 512K, 43% used [0x00000000d6700000,0x00000000d6738000,0x00000000d6780000)
  to   space 512K, 0% used [0x00000000d6780000,0x00000000d6780000,0x00000000d6800000)
 ParOldGen       total 68608K, used 39727K [0x0000000080000000, 0x0000000084300000, 0x00000000d5580000)
  object space 68608K, 57% used [0x0000000080000000,0x00000000826cbf60,0x0000000084300000)
 Metaspace       used 62342K, committed 63744K, reserved 1114112K
  class space    used 7913K, committed 8512K, reserved 1048576K
}
Event: 14.125 GC heap after
{Heap after GC invocations=55 (full 3):
 PSYoungGen      total 17920K, used 224K [0x00000000d5580000, 0x00000000d6800000, 0x0000000100000000)
  eden space 17408K, 0% used [0x00000000d5580000,0x00000000d5580000,0x00000000d6680000)
  from space 512K, 43% used [0x00000000d6780000,0x00000000d67b8000,0x00000000d6800000)
  to   space 512K, 0% used [0x00000000d6700000,0x00000000d6700000,0x00000000d6780000)
 ParOldGen       total 68608K, used 39767K [0x0000000080000000, 0x0000000084300000, 0x00000000d5580000)
  object space 68608K, 57% used [0x0000000080000000,0x00000000826d5f60,0x0000000084300000)
 Metaspace       used 62342K, committed 63744K, reserved 1114112K
  class space    used 7913K, committed 8512K, reserved 1048576K
}
Event: 16.465 GC heap before
{Heap before GC invocations=56 (full 3):
 PSYoungGen      total 17920K, used 17632K [0x00000000d5580000, 0x00000000d6800000, 0x0000000100000000)
  eden space 17408K, 100% used [0x00000000d5580000,0x00000000d6680000,0x00000000d6680000)
  from space 512K, 43% used [0x00000000d6780000,0x00000000d67b8000,0x00000000d6800000)
  to   space 512K, 0% used [0x00000000d6700000,0x00000000d6700000,0x00000000d6780000)
 ParOldGen       total 68608K, used 39767K [0x0000000080000000, 0x0000000084300000, 0x00000000d5580000)
  object space 68608K, 57% used [0x0000000080000000,0x00000000826d5f60,0x0000000084300000)
 Metaspace       used 62354K, committed 63808K, reserved 1114112K
  class space    used 7915K, committed 8512K, reserved 1048576K
}
Event: 16.465 GC heap after
{Heap after GC invocations=56 (full 3):
 PSYoungGen      total 17920K, used 256K [0x00000000d5580000, 0x00000000d6800000, 0x0000000100000000)
  eden space 17408K, 0% used [0x00000000d5580000,0x00000000d5580000,0x00000000d6680000)
  from space 512K, 50% used [0x00000000d6700000,0x00000000d6740000,0x00000000d6780000)
  to   space 512K, 0% used [0x00000000d6780000,0x00000000d6780000,0x00000000d6800000)
 ParOldGen       total 68608K, used 39775K [0x0000000080000000, 0x0000000084300000, 0x00000000d5580000)
  object space 68608K, 57% used [0x0000000080000000,0x00000000826d7f60,0x0000000084300000)
 Metaspace       used 62354K, committed 63808K, reserved 1114112K
  class space    used 7915K, committed 8512K, reserved 1048576K
}
Event: 18.513 GC heap before
{Heap before GC invocations=57 (full 3):
 PSYoungGen      total 17920K, used 17651K [0x00000000d5580000, 0x00000000d6800000, 0x0000000100000000)
  eden space 17408K, 99% used [0x00000000d5580000,0x00000000d667cf38,0x00000000d6680000)
  from space 512K, 50% used [0x00000000d6700000,0x00000000d6740000,0x00000000d6780000)
  to   space 512K, 0% used [0x00000000d6780000,0x00000000d6780000,0x00000000d6800000)
 ParOldGen       total 68608K, used 39775K [0x0000000080000000, 0x0000000084300000, 0x00000000d5580000)
  object space 68608K, 57% used [0x0000000080000000,0x00000000826d7f60,0x0000000084300000)
 Metaspace       used 62397K, committed 63808K, reserved 1114112K
  class space    used 7922K, committed 8512K, reserved 1048576K
}
Event: 18.513 GC heap after
{Heap after GC invocations=57 (full 3):
 PSYoungGen      total 17920K, used 398K [0x00000000d5580000, 0x00000000d6800000, 0x0000000100000000)
  eden space 17408K, 0% used [0x00000000d5580000,0x00000000d5580000,0x00000000d6680000)
  from space 512K, 77% used [0x00000000d6780000,0x00000000d67e3b38,0x00000000d6800000)
  to   space 512K, 0% used [0x00000000d6700000,0x00000000d6700000,0x00000000d6780000)
 ParOldGen       total 68608K, used 39831K [0x0000000080000000, 0x0000000084300000, 0x00000000d5580000)
  object space 68608K, 58% used [0x0000000080000000,0x00000000826e5f60,0x0000000084300000)
 Metaspace       used 62397K, committed 63808K, reserved 1114112K
  class space    used 7922K, committed 8512K, reserved 1048576K
}
Event: 18.843 GC heap before
{Heap before GC invocations=58 (full 3):
 PSYoungGen      total 17920K, used 17806K [0x00000000d5580000, 0x00000000d6800000, 0x0000000100000000)
  eden space 17408K, 100% used [0x00000000d5580000,0x00000000d6680000,0x00000000d6680000)
  from space 512K, 77% used [0x00000000d6780000,0x00000000d67e3b38,0x00000000d6800000)
  to   space 512K, 0% used [0x00000000d6700000,0x00000000d6700000,0x00000000d6780000)
 ParOldGen       total 68608K, used 39831K [0x0000000080000000, 0x0000000084300000, 0x00000000d5580000)
  object space 68608K, 58% used [0x0000000080000000,0x00000000826e5f60,0x0000000084300000)
 Metaspace       used 62873K, committed 64320K, reserved 1114112K
  class space    used 7994K, committed 8640K, reserved 1048576K
}
Event: 18.844 GC heap after
{Heap after GC invocations=58 (full 3):
 PSYoungGen      total 17920K, used 511K [0x00000000d5580000, 0x00000000d7280000, 0x0000000100000000)
  eden space 17408K, 0% used [0x00000000d5580000,0x00000000d5580000,0x00000000d6680000)
  from space 512K, 99% used [0x00000000d6700000,0x00000000d677ffe8,0x00000000d6780000)
  to   space 6144K, 0% used [0x00000000d6c80000,0x00000000d6c80000,0x00000000d7280000)
 ParOldGen       total 68608K, used 44363K [0x0000000080000000, 0x0000000084300000, 0x00000000d5580000)
  object space 68608K, 64% used [0x0000000080000000,0x0000000082b52f38,0x0000000084300000)
 Metaspace       used 62873K, committed 64320K, reserved 1114112K
  class space    used 7994K, committed 8640K, reserved 1048576K
}
Event: 19.000 GC heap before
{Heap before GC invocations=59 (full 3):
 PSYoungGen      total 17920K, used 17919K [0x00000000d5580000, 0x00000000d7280000, 0x0000000100000000)
  eden space 17408K, 100% used [0x00000000d5580000,0x00000000d6680000,0x00000000d6680000)
  from space 512K, 99% used [0x00000000d6700000,0x00000000d677ffe8,0x00000000d6780000)
  to   space 6144K, 0% used [0x00000000d6c80000,0x00000000d6c80000,0x00000000d7280000)
 ParOldGen       total 68608K, used 44363K [0x0000000080000000, 0x0000000084300000, 0x00000000d5580000)
  object space 68608K, 64% used [0x0000000080000000,0x0000000082b52f38,0x0000000084300000)
 Metaspace       used 64881K, committed 66240K, reserved 1114112K
  class space    used 8202K, committed 8832K, reserved 1048576K
}
Event: 19.001 GC heap after
{Heap after GC invocations=59 (full 3):
 PSYoungGen      total 19968K, used 2516K [0x00000000d5580000, 0x00000000d6f00000, 0x0000000100000000)
  eden space 17408K, 0% used [0x00000000d5580000,0x00000000d5580000,0x00000000d6680000)
  from space 2560K, 98% used [0x00000000d6c80000,0x00000000d6ef5020,0x00000000d6f00000)
  to   space 3584K, 0% used [0x00000000d6800000,0x00000000d6800000,0x00000000d6b80000)
 ParOldGen       total 68608K, used 44868K [0x0000000080000000, 0x0000000084300000, 0x00000000d5580000)
  object space 68608K, 65% used [0x0000000080000000,0x0000000082bd1220,0x0000000084300000)
 Metaspace       used 64881K, committed 66240K, reserved 1114112K
  class space    used 8202K, committed 8832K, reserved 1048576K
}
Event: 19.277 GC heap before
{Heap before GC invocations=60 (full 3):
 PSYoungGen      total 19968K, used 19924K [0x00000000d5580000, 0x00000000d6f00000, 0x0000000100000000)
  eden space 17408K, 100% used [0x00000000d5580000,0x00000000d6680000,0x00000000d6680000)
  from space 2560K, 98% used [0x00000000d6c80000,0x00000000d6ef5020,0x00000000d6f00000)
  to   space 3584K, 0% used [0x00000000d6800000,0x00000000d6800000,0x00000000d6b80000)
 ParOldGen       total 68608K, used 44868K [0x0000000080000000, 0x0000000084300000, 0x00000000d5580000)
  object space 68608K, 65% used [0x0000000080000000,0x0000000082bd1220,0x0000000084300000)
 Metaspace       used 66285K, committed 67712K, reserved 1114112K
  class space    used 8403K, committed 9024K, reserved 1048576K
}
Event: 19.279 GC heap after
{Heap after GC invocations=60 (full 3):
 PSYoungGen      total 20992K, used 588K [0x00000000d5580000, 0x00000000d6d00000, 0x0000000100000000)
  eden space 17408K, 0% used [0x00000000d5580000,0x00000000d5580000,0x00000000d6680000)
  from space 3584K, 16% used [0x00000000d6800000,0x00000000d6893358,0x00000000d6b80000)
  to   space 1536K, 0% used [0x00000000d6b80000,0x00000000d6b80000,0x00000000d6d00000)
 ParOldGen       total 68608K, used 47231K [0x0000000080000000, 0x0000000084300000, 0x00000000d5580000)
  object space 68608K, 68% used [0x0000000080000000,0x0000000082e1fdf0,0x0000000084300000)
 Metaspace       used 66285K, committed 67712K, reserved 1114112K
  class space    used 8403K, committed 9024K, reserved 1048576K
}
Event: 19.483 GC heap before
{Heap before GC invocations=61 (full 3):
 PSYoungGen      total 20992K, used 17996K [0x00000000d5580000, 0x00000000d6d00000, 0x0000000100000000)
  eden space 17408K, 100% used [0x00000000d5580000,0x00000000d6680000,0x00000000d6680000)
  from space 3584K, 16% used [0x00000000d6800000,0x00000000d6893358,0x00000000d6b80000)
  to   space 1536K, 0% used [0x00000000d6b80000,0x00000000d6b80000,0x00000000d6d00000)
 ParOldGen       total 68608K, used 47231K [0x0000000080000000, 0x0000000084300000, 0x00000000d5580000)
  object space 68608K, 68% used [0x0000000080000000,0x0000000082e1fdf0,0x0000000084300000)
 Metaspace       used 66783K, committed 68224K, reserved 1114112K
  class space    used 8453K, committed 9152K, reserved 1048576K
}
Event: 19.485 GC heap after
{Heap after GC invocations=61 (full 3):
 PSYoungGen      total 18944K, used 1355K [0x00000000d5580000, 0x00000000d6d00000, 0x0000000100000000)
  eden space 17408K, 0% used [0x00000000d5580000,0x00000000d5580000,0x00000000d6680000)
  from space 1536K, 88% used [0x00000000d6b80000,0x00000000d6cd2cc0,0x00000000d6d00000)
  to   space 1536K, 0% used [0x00000000d6a00000,0x00000000d6a00000,0x00000000d6b80000)
 ParOldGen       total 68608K, used 49294K [0x0000000080000000, 0x0000000084300000, 0x00000000d5580000)
  object space 68608K, 71% used [0x0000000080000000,0x0000000083023870,0x0000000084300000)
 Metaspace       used 66783K, committed 68224K, reserved 1114112K
  class space    used 8453K, committed 9152K, reserved 1048576K
}
Event: 19.760 GC heap before
{Heap before GC invocations=62 (full 3):
 PSYoungGen      total 18944K, used 18763K [0x00000000d5580000, 0x00000000d6d00000, 0x0000000100000000)
  eden space 17408K, 100% used [0x00000000d5580000,0x00000000d6680000,0x00000000d6680000)
  from space 1536K, 88% used [0x00000000d6b80000,0x00000000d6cd2cc0,0x00000000d6d00000)
  to   space 1536K, 0% used [0x00000000d6a00000,0x00000000d6a00000,0x00000000d6b80000)
 ParOldGen       total 68608K, used 49294K [0x0000000080000000, 0x0000000084300000, 0x00000000d5580000)
  object space 68608K, 71% used [0x0000000080000000,0x0000000083023870,0x0000000084300000)
 Metaspace       used 67284K, committed 68736K, reserved 1114112K
  class space    used 8524K, committed 9216K, reserved 1048576K
}
Event: 19.762 GC heap after
{Heap after GC invocations=62 (full 3):
 PSYoungGen      total 17920K, used 320K [0x00000000d5580000, 0x00000000d6c00000, 0x0000000100000000)
  eden space 17408K, 0% used [0x00000000d5580000,0x00000000d5580000,0x00000000d6680000)
  from space 512K, 62% used [0x00000000d6a00000,0x00000000d6a50000,0x00000000d6a80000)
  to   space 1024K, 0% used [0x00000000d6b00000,0x00000000d6b00000,0x00000000d6c00000)
 ParOldGen       total 68608K, used 49518K [0x0000000080000000, 0x0000000084300000, 0x00000000d5580000)
  object space 68608K, 72% used [0x0000000080000000,0x000000008305b870,0x0000000084300000)
 Metaspace       used 67284K, committed 68736K, reserved 1114112K
  class space    used 8524K, committed 9216K, reserved 1048576K
}
Event: 20.141 GC heap before
{Heap before GC invocations=63 (full 3):
 PSYoungGen      total 17920K, used 17728K [0x00000000d5580000, 0x00000000d6c00000, 0x0000000100000000)
  eden space 17408K, 100% used [0x00000000d5580000,0x00000000d6680000,0x00000000d6680000)
  from space 512K, 62% used [0x00000000d6a00000,0x00000000d6a50000,0x00000000d6a80000)
  to   space 1024K, 0% used [0x00000000d6b00000,0x00000000d6b00000,0x00000000d6c00000)
 ParOldGen       total 68608K, used 49518K [0x0000000080000000, 0x0000000084300000, 0x00000000d5580000)
  object space 68608K, 72% used [0x0000000080000000,0x000000008305b870,0x0000000084300000)
 Metaspace       used 67293K, committed 68736K, reserved 1114112K
  class space    used 8524K, committed 9216K, reserved 1048576K
}
Event: 20.142 GC heap after
{Heap after GC invocations=63 (full 3):
 PSYoungGen      total 17920K, used 288K [0x00000000d5580000, 0x00000000d6b80000, 0x0000000100000000)
  eden space 17408K, 0% used [0x00000000d5580000,0x00000000d5580000,0x00000000d6680000)
  from space 512K, 56% used [0x00000000d6b00000,0x00000000d6b48000,0x00000000d6b80000)
  to   space 512K, 0% used [0x00000000d6a00000,0x00000000d6a00000,0x00000000d6a80000)
 ParOldGen       total 68608K, used 49718K [0x0000000080000000, 0x0000000084300000, 0x00000000d5580000)
  object space 68608K, 72% used [0x0000000080000000,0x000000008308d8a0,0x0000000084300000)
 Metaspace       used 67293K, committed 68736K, reserved 1114112K
  class space    used 8524K, committed 9216K, reserved 1048576K
}
Event: 30.852 GC heap before
{Heap before GC invocations=64 (full 3):
 PSYoungGen      total 17920K, used 17686K [0x00000000d5580000, 0x00000000d6b80000, 0x0000000100000000)
  eden space 17408K, 99% used [0x00000000d5580000,0x00000000d667da40,0x00000000d6680000)
  from space 512K, 56% used [0x00000000d6b00000,0x00000000d6b48000,0x00000000d6b80000)
  to   space 512K, 0% used [0x00000000d6a00000,0x00000000d6a00000,0x00000000d6a80000)
 ParOldGen       total 68608K, used 49718K [0x0000000080000000, 0x0000000084300000, 0x00000000d5580000)
  object space 68608K, 72% used [0x0000000080000000,0x000000008308d8a0,0x0000000084300000)
 Metaspace       used 67411K, committed 68864K, reserved 1114112K
  class space    used 8529K, committed 9216K, reserved 1048576K
}
Event: 30.853 GC heap after
{Heap after GC invocations=64 (full 3):
 PSYoungGen      total 17920K, used 480K [0x00000000d5580000, 0x00000000d6b80000, 0x0000000100000000)
  eden space 17408K, 0% used [0x00000000d5580000,0x00000000d5580000,0x00000000d6680000)
  from space 512K, 93% used [0x00000000d6a00000,0x00000000d6a78010,0x00000000d6a80000)
  to   space 1024K, 0% used [0x00000000d6a80000,0x00000000d6a80000,0x00000000d6b80000)
 ParOldGen       total 68608K, used 50102K [0x0000000080000000, 0x0000000084300000, 0x00000000d5580000)
  object space 68608K, 73% used [0x0000000080000000,0x00000000830ed8c0,0x0000000084300000)
 Metaspace       used 67411K, committed 68864K, reserved 1114112K
  class space    used 8529K, committed 9216K, reserved 1048576K
}

